SF:/home/wsimons/projects/commercial-model/CommercialModelApi/Program.cs
FN:14,System.Void CommercialModelApi.Program::Main(System.String[])
FNDA:0,System.Void CommercialModelApi.Program::Main(System.String[])
DA:15,0
DA:16,0
DA:17,0
FN:19,Microsoft.Extensions.Hosting.IHostBuilder CommercialModelApi.Program::CreateHostBuilder(System.String[])
FNDA:0,Microsoft.Extensions.Hosting.IHostBuilder CommercialModelApi.Program::CreateHostBuilder(System.String[])
DA:20,0
DA:21,0
DA:22,0
DA:23,0
DA:24,0
LF:8
LH:0
BRF:0
BRH:0
FNF:2
FNH:0
end_of_record
SF:/home/wsimons/projects/commercial-model/CommercialModelApi/Startup.cs
FN:26,Microsoft.Extensions.Configuration.IConfiguration CommercialModelApi.Startup::get_Configuration()
FNDA:0,Microsoft.Extensions.Configuration.IConfiguration CommercialModelApi.Startup::get_Configuration()
DA:27,0
FN:30,System.Void CommercialModelApi.Startup::ConfigureServices(Microsoft.Extensions.DependencyInjection.IServiceCollection)
FNDA:0,System.Void CommercialModelApi.Startup::ConfigureServices(Microsoft.Extensions.DependencyInjection.IServiceCollection)
DA:31,0
DA:32,0
DA:33,0
DA:34,0
DA:35,0
DA:36,0
DA:37,0
DA:38,0
DA:39,0
DA:40,0
DA:41,0
DA:42,0
DA:43,0
DA:44,0
DA:45,0
DA:46,0
DA:47,0
FN:50,System.Void CommercialModelApi.Startup::Configure(Microsoft.AspNetCore.Builder.IApplicationBuilder,Microsoft.AspNetCore.Hosting.IWebHostEnvironment)
FNDA:0,System.Void CommercialModelApi.Startup::Configure(Microsoft.AspNetCore.Builder.IApplicationBuilder,Microsoft.AspNetCore.Hosting.IWebHostEnvironment)
DA:51,0
DA:52,0
DA:53,0
DA:54,0
DA:55,0
DA:56,0
DA:57,0
DA:59,0
DA:61,0
DA:63,0
DA:65,0
DA:66,0
DA:67,0
DA:68,0
DA:69,0
BRDA:52,9,0,0
BRDA:52,9,1,0
FN:21,System.Void CommercialModelApi.Startup::.ctor(Microsoft.Extensions.Configuration.IConfiguration)
FNDA:0,System.Void CommercialModelApi.Startup::.ctor(Microsoft.Extensions.Configuration.IConfiguration)
DA:22,0
DA:23,0
DA:24,0
DA:25,0
LF:37
LH:0
BRF:2
BRH:0
FNF:4
FNH:0
end_of_record
SF:/home/wsimons/projects/commercial-model/CommercialModelApi/Model/Account.cs
FN:4,System.String CommercialModelApi.Model.Account::get_AccountShortName()
FNDA:4,System.String CommercialModelApi.Model.Account::get_AccountShortName()
DA:5,4
LF:1
LH:1
BRF:0
BRH:0
FNF:1
FNH:1
end_of_record
SF:/home/wsimons/projects/commercial-model/CommercialModelApi/Data/FileBasedAccountRepository.cs
FN:27,System.Void CommercialModelApi.Data.FileBasedAccountRepository::AddAccount(System.String)
FNDA:0,System.Void CommercialModelApi.Data.FileBasedAccountRepository::AddAccount(System.String)
DA:28,0
DA:29,0
DA:30,0
DA:31,0
DA:32,0
DA:34,0
DA:35,0
BRDA:30,21,0,0
BRDA:30,21,1,0
FN:37,System.Void CommercialModelApi.Data.FileBasedAccountRepository::DeleteAllAccounts()
FNDA:0,System.Void CommercialModelApi.Data.FileBasedAccountRepository::DeleteAllAccounts()
DA:38,0
DA:39,0
DA:40,0
DA:41,0
DA:42,0
DA:43,0
DA:44,0
BRDA:40,40,1,0
BRDA:40,40,0,0
FN:9,System.Void CommercialModelApi.Data.FileBasedAccountRepository::.cctor()
FNDA:0,System.Void CommercialModelApi.Data.FileBasedAccountRepository::.cctor()
DA:10,0
DA:11,0
DA:12,0
DA:13,0
FN:15,System.Boolean CommercialModelApi.Data.FileBasedAccountRepository/<ListAccounts>d__1::MoveNext()
FNDA:0,System.Boolean CommercialModelApi.Data.FileBasedAccountRepository/<ListAccounts>d__1::MoveNext()
DA:16,0
DA:17,0
DA:18,0
DA:19,0
DA:20,0
DA:21,0
DA:22,0
DA:23,0
DA:24,0
DA:25,0
BRDA:18,171,1,0
BRDA:18,171,0,0
LF:28
LH:0
BRF:6
BRH:0
FNF:4
FNH:0
end_of_record
SF:/home/wsimons/projects/commercial-model/CommercialModelApi/Controllers/AccountsController.cs
FN:32,System.Collections.Generic.IEnumerable`1<CommercialModelApi.Model.Account> CommercialModelApi.Controllers.AccountsController::ListAccounts()
FNDA:1,System.Collections.Generic.IEnumerable`1<CommercialModelApi.Model.Account> CommercialModelApi.Controllers.AccountsController::ListAccounts()
DA:33,1
DA:34,1
DA:35,1
DA:36,1
FN:44,System.Boolean CommercialModelApi.Controllers.AccountsController::AddAccount(System.String)
FNDA:3,System.Boolean CommercialModelApi.Controllers.AccountsController::AddAccount(System.String)
DA:45,3
DA:46,3
DA:48,3
DA:49,3
DA:50,2
DA:52,1
DA:53,1
DA:54,1
DA:56,3
FN:63,System.Boolean CommercialModelApi.Controllers.AccountsController::DeleteAllAccounts()
FNDA:2,System.Boolean CommercialModelApi.Controllers.AccountsController::DeleteAllAccounts()
DA:64,2
DA:65,2
DA:67,2
DA:68,2
DA:69,1
DA:71,1
DA:72,1
DA:73,1
DA:75,2
FN:83,CommercialModelApi.Model.Account CommercialModelApi.Controllers.AccountsController::GetAccount(System.String)
FNDA:1,CommercialModelApi.Model.Account CommercialModelApi.Controllers.AccountsController::GetAccount(System.String)
DA:84,1
DA:85,1
DA:86,1
DA:87,1
DA:88,1
DA:89,1
FN:18,System.Void CommercialModelApi.Controllers.AccountsController::.ctor(Microsoft.Extensions.Logging.ILogger`1<CommercialModelApi.Controllers.AccountsController>,CommercialModelApi.Data.IAccountRepository)
FNDA:6,System.Void CommercialModelApi.Controllers.AccountsController::.ctor(Microsoft.Extensions.Logging.ILogger`1<CommercialModelApi.Controllers.AccountsController>,CommercialModelApi.Data.IAccountRepository)
DA:19,6
DA:20,6
DA:21,6
DA:22,6
DA:23,6
DA:24,6
DA:25,6
LF:35
LH:35
BRF:0
BRH:0
FNF:5
FNH:5
end_of_record