SF:/home/wsimons/projects/commercial-model/CommercialModelApi/Program.cs
FN:14,System.Void CommercialModelApi.Program::Main(System.String[])
FNDA:0,System.Void CommercialModelApi.Program::Main(System.String[])
DA:15,0
DA:16,0
DA:17,0
FN:19,Microsoft.Extensions.Hosting.IHostBuilder CommercialModelApi.Program::CreateHostBuilder(System.String[])
FNDA:0,Microsoft.Extensions.Hosting.IHostBuilder CommercialModelApi.Program::CreateHostBuilder(System.String[])
DA:20,0
DA:21,0
DA:22,0
DA:23,0
DA:24,0
LF:8
LH:0
BRF:0
BRH:0
FNF:2
FNH:0
end_of_record
SF:/home/wsimons/projects/commercial-model/CommercialModelApi/Startup.cs
FN:26,Microsoft.Extensions.Configuration.IConfiguration CommercialModelApi.Startup::get_Configuration()
FNDA:0,Microsoft.Extensions.Configuration.IConfiguration CommercialModelApi.Startup::get_Configuration()
DA:27,0
FN:30,System.Void CommercialModelApi.Startup::ConfigureServices(Microsoft.Extensions.DependencyInjection.IServiceCollection)
FNDA:1,System.Void CommercialModelApi.Startup::ConfigureServices(Microsoft.Extensions.DependencyInjection.IServiceCollection)
DA:31,1
DA:32,1
DA:33,1
DA:34,1
DA:35,0
DA:36,0
DA:37,0
DA:38,0
DA:39,0
DA:40,0
DA:41,0
DA:42,0
DA:43,1
DA:44,0
DA:45,0
DA:46,0
DA:47,1
DA:48,1
FN:51,System.Void CommercialModelApi.Startup::Configure(Microsoft.AspNetCore.Builder.IApplicationBuilder,Microsoft.AspNetCore.Hosting.IWebHostEnvironment)
FNDA:1,System.Void CommercialModelApi.Startup::Configure(Microsoft.AspNetCore.Builder.IApplicationBuilder,Microsoft.AspNetCore.Hosting.IWebHostEnvironment)
DA:52,1
DA:53,1
DA:54,0
DA:55,0
DA:56,0
DA:57,0
DA:58,0
DA:60,1
DA:62,1
DA:64,1
DA:66,1
DA:67,1
DA:68,1
DA:69,2
DA:70,1
BRDA:53,9,0,0
BRDA:53,9,1,1
FN:21,System.Void CommercialModelApi.Startup::.ctor(Microsoft.Extensions.Configuration.IConfiguration)
FNDA:1,System.Void CommercialModelApi.Startup::.ctor(Microsoft.Extensions.Configuration.IConfiguration)
DA:22,1
DA:23,1
DA:24,1
DA:25,1
LF:38
LH:21
BRF:2
BRH:1
FNF:4
FNH:3
end_of_record
SF:/home/wsimons/projects/commercial-model/CommercialModelApi/Model/Account.cs
FN:4,System.String CommercialModelApi.Model.Account::get_AccountShortName()
FNDA:4,System.String CommercialModelApi.Model.Account::get_AccountShortName()
DA:5,4
LF:1
LH:1
BRF:0
BRH:0
FNF:1
FNH:1
end_of_record
SF:/home/wsimons/projects/commercial-model/CommercialModelApi/Data/FileBasedAccountRepository.cs
FN:27,System.Void CommercialModelApi.Data.FileBasedAccountRepository::AddAccount(CommercialModelApi.Model.Account)
FNDA:1,System.Void CommercialModelApi.Data.FileBasedAccountRepository::AddAccount(CommercialModelApi.Model.Account)
DA:28,1
DA:29,1
DA:30,1
DA:31,0
DA:32,0
DA:34,1
DA:35,1
BRDA:30,26,0,0
BRDA:30,26,1,1
FN:37,System.Void CommercialModelApi.Data.FileBasedAccountRepository::DeleteAllAccounts()
FNDA:0,System.Void CommercialModelApi.Data.FileBasedAccountRepository::DeleteAllAccounts()
DA:38,0
DA:39,0
DA:40,0
DA:41,0
DA:42,0
DA:43,0
DA:44,0
BRDA:40,40,1,0
BRDA:40,40,0,0
FN:9,System.Void CommercialModelApi.Data.FileBasedAccountRepository::.cctor()
FNDA:1,System.Void CommercialModelApi.Data.FileBasedAccountRepository::.cctor()
DA:10,1
DA:11,1
DA:12,1
DA:13,1
FN:15,System.Boolean CommercialModelApi.Data.FileBasedAccountRepository/<ListAccounts>d__1::MoveNext()
FNDA:0,System.Boolean CommercialModelApi.Data.FileBasedAccountRepository/<ListAccounts>d__1::MoveNext()
DA:16,0
DA:17,0
DA:18,0
DA:19,0
DA:20,0
DA:21,0
DA:22,0
DA:23,0
DA:24,0
DA:25,0
BRDA:18,171,1,0
BRDA:18,171,0,0
LF:28
LH:9
BRF:6
BRH:1
FNF:4
FNH:2
end_of_record
SF:/home/wsimons/projects/commercial-model/CommercialModelApi/Controllers/AccountsController.cs
FN:33,System.Collections.Generic.IEnumerable`1<CommercialModelApi.Model.Account> CommercialModelApi.Controllers.AccountsController::ListAccounts()
FNDA:0,System.Collections.Generic.IEnumerable`1<CommercialModelApi.Model.Account> CommercialModelApi.Controllers.AccountsController::ListAccounts()
DA:34,0
DA:35,0
DA:36,0
DA:37,0
FN:47,Microsoft.AspNetCore.Mvc.ActionResult`1<CommercialModelApi.Model.Account> CommercialModelApi.Controllers.AccountsController::AddAccount(System.String)
FNDA:1,Microsoft.AspNetCore.Mvc.ActionResult`1<CommercialModelApi.Model.Account> CommercialModelApi.Controllers.AccountsController::AddAccount(System.String)
DA:48,1
DA:49,1
DA:51,1
DA:52,1
DA:53,1
DA:54,1
DA:56,0
DA:57,0
DA:58,0
DA:59,0
DA:60,0
DA:61,0
DA:62,0
DA:63,0
DA:65,1
FN:72,System.Boolean CommercialModelApi.Controllers.AccountsController::DeleteAllAccounts()
FNDA:0,System.Boolean CommercialModelApi.Controllers.AccountsController::DeleteAllAccounts()
DA:73,0
DA:74,0
DA:76,0
DA:77,0
DA:78,0
DA:80,0
DA:81,0
DA:82,0
DA:84,0
FN:92,CommercialModelApi.Model.Account CommercialModelApi.Controllers.AccountsController::GetAccount(System.String)
FNDA:0,CommercialModelApi.Model.Account CommercialModelApi.Controllers.AccountsController::GetAccount(System.String)
DA:93,0
DA:94,0
DA:95,0
DA:96,0
DA:97,0
DA:98,0
FN:19,System.Void CommercialModelApi.Controllers.AccountsController::.ctor(Microsoft.Extensions.Logging.ILogger`1<CommercialModelApi.Controllers.AccountsController>,CommercialModelApi.Data.IAccountRepository)
FNDA:1,System.Void CommercialModelApi.Controllers.AccountsController::.ctor(Microsoft.Extensions.Logging.ILogger`1<CommercialModelApi.Controllers.AccountsController>,CommercialModelApi.Data.IAccountRepository)
DA:20,1
DA:21,1
DA:22,1
DA:23,1
DA:24,1
DA:25,1
DA:26,1
LF:41
LH:14
BRF:0
BRH:0
FNF:5
FNH:2
end_of_record